<?xml version="1.0" encoding="UTF-8" ?>
<testsuite tests="1" failures="0" name="Test01" time="0.012" errors="0" skipped="0">
  <properties>
    <property name="java.runtime.name" value="Java(TM) SE Runtime Environment"/>
    <property name="sun.boot.library.path" value="C:\Program Files\Java\jdk1.8.0_231\jre\bin"/>
    <property name="java.vm.version" value="25.231-b11"/>
    <property name="java.vm.vendor" value="Oracle Corporation"/>
    <property name="maven.multiModuleProjectDirectory" value="E:\github\java\mavenStudy\mavenWebAPP"/>
    <property name="java.vendor.url" value="http://java.oracle.com/"/>
    <property name="path.separator" value=";"/>
    <property name="guice.disable.misplaced.annotation.check" value="true"/>
    <property name="java.vm.name" value="Java HotSpot(TM) 64-Bit Server VM"/>
    <property name="file.encoding.pkg" value="sun.io"/>
    <property name="user.script" value=""/>
    <property name="user.country" value="CN"/>
    <property name="sun.java.launcher" value="SUN_STANDARD"/>
    <property name="sun.os.patch.level" value=""/>
    <property name="java.vm.specification.name" value="Java Virtual Machine Specification"/>
    <property name="user.dir" value="E:\github\java\mavenStudy\mavenWebAPP"/>
    <property name="java.runtime.version" value="1.8.0_231-b11"/>
    <property name="java.awt.graphicsenv" value="sun.awt.Win32GraphicsEnvironment"/>
    <property name="java.endorsed.dirs" value="C:\Program Files\Java\jdk1.8.0_231\jre\lib\endorsed"/>
    <property name="os.arch" value="amd64"/>
    <property name="java.io.tmpdir" value="C:\Users\hp\AppData\Local\Temp\"/>
    <property name="line.separator" value="
"/>
    <property name="java.vm.specification.vendor" value="Oracle Corporation"/>
    <property name="user.variant" value=""/>
    <property name="os.name" value="Windows 10"/>
    <property name="maven.ext.class.path" value="D:\IntelliJ IDEA 2020.1.3\plugins\maven\lib\maven-event-listener.jar"/>
    <property name="archetypeCatalog" value="internal"/>
    <property name="classworlds.conf" value="C:\my_java\apache-maven-3.5.2\bin\m2.conf"/>
    <property name="sun.jnu.encoding" value="GBK"/>
    <property name="java.library.path" value="C:\Program Files\Java\jdk1.8.0_231\bin;C:\WINDOWS\Sun\Java\bin;C:\WINDOWS\system32;C:\WINDOWS;C:\Program Files\NVIDIA GPU Computing Toolkit\CUDA\v9.0\bin;C:\Program Files\NVIDIA GPU Computing Toolkit\CUDA\v9.0\libnvvp;C:\Program Files\Python36\Scripts\;C:\Program Files\Python36\;C:\Program Files (x86)\Common Files\Oracle\Java\javapath;C:\Program Files (x86)\Common Files\Intel\Shared Libraries\redist\intel64_win\mpirt;C:\Program Files (x86)\Common Files\Intel\Shared Libraries\redist\ia32_win\mpirt;C:\Program Files (x86)\Common Files\Intel\Shared Libraries\redist\intel64_win\compiler;C:\Program Files (x86)\Common Files\Intel\Shared Libraries\redist\ia32_win\compiler;C:\Windows\system32;C:\Windows;C:\Windows\System32\Wbem;C:\Windows\System32\WindowsPowerShell\v1.0\;C:\Windows\System32\OpenSSH\;C:\Program Files\dotnet\;C:\Program Files\Microsoft SQL Server\130\Tools\Binn\;C:\Program Files\Java\jdk-10.0.2\jre\bin;C:\windows\system32;D:\phpEnv\server\mysql\mysql-5.7\bin;C:\Program Files\Java\jdk1.8.0_231\bin;C:\Program Files\go\bin;D:\Tesseract-OCR;D:\tesseract-ocr;D:\tesseract-ocr\tessdata;C:\cygwin64\bin;D:\Microsoft VS Code\bin;D:\git\Git\cmd;D:\sqlite3;D:\putty\;C:\Program Files (x86)\NVIDIA Corporation\PhysX\Common;D:\julia\julia\Julia-1.4.2\bin;C:\my_java\apache-maven-3.5.2\bin;D:\matlab2020a\matlab2020a\runtime\win64;D:\matlab2020a\matlab2020a\bin;D:\Dev\Dev-Cpp\MinGW64\bin;C:\Program Files\NVIDIA GPU Computing Toolkit\CUDA\v9.0\lib;C:\Program Files\NVIDIA GPU Computing Toolkit\CUDA\v9.0\lib\x64;D:\rational_rose\common;D:\Anaconda\Anaconda3;D:\Anaconda\Anaconda3\Library\mingw-w64\bin;D:\Anaconda\Anaconda3\Library\usr\bin;D:\Anaconda\Anaconda3\Library\bin;D:\Anaconda\Anaconda3\Scripts;D:\Anaconda342;D:\Anaconda342\Scripts;D:\Anaconda342\Library\bin;C:\Users\hp\AppData\Local\Microsoft\WindowsApps;D:\WebStorm 2018.3.2\bin;D:\app;D:\Microsoft VS Code\bin;D:\GoLand 2018.3.4\bin;D:\InterSWTOOLS\VTune Amplifier 2019\bin32;D:\PhpStorm 2018.3.4\bin;D:\Fiddler;C:\Users\hp\AppData\Local\Microsoft\WindowsApps;D:\phpEnv\server\mysql\mysql-5.7\bin;C:\Program Files\Java\jdk1.8.0_231\bin;C:\Program Files\go\bin;D:\tesseract-ocr\tessdata;D:\tesseract-ocr;C:\cygwin64\bin;D:\CLion 2018.3.4\bin;D:\Clion\CLion 2018.3.4\bin;;D:\datagrip\DataGrip 2018.3.4\bin;;C:\Users\hp\AppData\Local\GitHubDesktop\bin;D:\IntelliJ IDEA 2020.1.3\bin;;."/>
    <property name="maven.conf" value="C:\my_java\apache-maven-3.5.2/conf"/>
    <property name="java.specification.name" value="Java Platform API Specification"/>
    <property name="java.class.version" value="52.0"/>
    <property name="sun.management.compiler" value="HotSpot 64-Bit Tiered Compilers"/>
    <property name="os.version" value="10.0"/>
    <property name="user.home" value="C:\Users\hp"/>
    <property name="user.timezone" value="GMT+08:00"/>
    <property name="java.awt.printerjob" value="sun.awt.windows.WPrinterJob"/>
    <property name="java.specification.version" value="1.8"/>
    <property name="file.encoding" value="UTF-8"/>
    <property name="user.name" value="hp"/>
    <property name="java.class.path" value="C:\my_java\apache-maven-3.5.2\boot\plexus-classworlds-2.5.2.jar;D:\IntelliJ IDEA 2020.1.3\lib\idea_rt.jar"/>
    <property name="java.vm.specification.version" value="1.8"/>
    <property name="sun.arch.data.model" value="64"/>
    <property name="java.home" value="C:\Program Files\Java\jdk1.8.0_231\jre"/>
    <property name="sun.java.command" value="org.codehaus.classworlds.Launcher -Didea.version2020.1.3 -s C:\my_java\apache-maven-3.5.2\conf\settings.xml install"/>
    <property name="java.specification.vendor" value="Oracle Corporation"/>
    <property name="user.language" value="zh"/>
    <property name="idea.version2020.1.3" value="true"/>
    <property name="awt.toolkit" value="sun.awt.windows.WToolkit"/>
    <property name="java.vm.info" value="mixed mode"/>
    <property name="java.version" value="1.8.0_231"/>
    <property name="java.ext.dirs" value="C:\Program Files\Java\jdk1.8.0_231\jre\lib\ext;C:\WINDOWS\Sun\Java\lib\ext"/>
    <property name="sun.boot.class.path" value="C:\Program Files\Java\jdk1.8.0_231\jre\lib\resources.jar;C:\Program Files\Java\jdk1.8.0_231\jre\lib\rt.jar;C:\Program Files\Java\jdk1.8.0_231\jre\lib\sunrsasign.jar;C:\Program Files\Java\jdk1.8.0_231\jre\lib\jsse.jar;C:\Program Files\Java\jdk1.8.0_231\jre\lib\jce.jar;C:\Program Files\Java\jdk1.8.0_231\jre\lib\charsets.jar;C:\Program Files\Java\jdk1.8.0_231\jre\lib\jfr.jar;C:\Program Files\Java\jdk1.8.0_231\jre\classes"/>
    <property name="java.vendor" value="Oracle Corporation"/>
    <property name="maven.home" value="C:\my_java\apache-maven-3.5.2"/>
    <property name="file.separator" value="\"/>
    <property name="java.vendor.url.bug" value="http://bugreport.sun.com/bugreport/"/>
    <property name="sun.cpu.endian" value="little"/>
    <property name="sun.io.unicode.encoding" value="UnicodeLittle"/>
    <property name="sun.desktop" value="windows"/>
    <property name="sun.cpu.isalist" value="amd64"/>
  </properties>
  <testcase classname="Test01" name="mufun" time="0.012"/>
</testsuite>